{
  "RSpec": {
    "coverage": {
      "/Users/andrewbowman/turing_work/3mod/whether_sweater/app/controllers/api/v1/books_controller.rb": {
        "lines": [
          1,
          1,
          3,
          3,
          3,
          3,
          null,
          null
        ],
        "branches": {
        }
      },
      "/Users/andrewbowman/turing_work/3mod/whether_sweater/app/facades/forecast_facade.rb": {
        "lines": [
          1,
          1,
          9,
          9,
          9,
          null,
          null,
          1,
          3,
          null,
          3,
          null,
          null,
          null,
          null,
          null,
          null,
          null
        ],
        "branches": {
        }
      },
      "/Users/andrewbowman/turing_work/3mod/whether_sweater/app/services/map_service.rb": {
        "lines": [
          1,
          1,
          9,
          9,
          null,
          9,
          9,
          null,
          null,
          1,
          3,
          3,
          3,
          null,
          3,
          null,
          3,
          2,
          null,
          null,
          1,
          null,
          1,
          12,
          12,
          null,
          null,
          null
        ],
        "branches": {
          "[:if, 0, 17, 4, 18, 75]": {
            "[:then, 1, 17, 4, 18, 75]": 1,
            "[:else, 2, 18, 4, 18, 75]": 2
          }
        }
      },
      "/Users/andrewbowman/turing_work/3mod/whether_sweater/app/services/weather_service.rb": {
        "lines": [
          1,
          1,
          9,
          9,
          9,
          9,
          null,
          9,
          null,
          null
        ],
        "branches": {
          "[:if, 0, 6, 27, 6, 58]": {
            "[:then, 1, 6, 34, 6, 54]": 2,
            "[:else, 2, 6, 57, 6, 58]": 7
          }
        }
      },
      "/Users/andrewbowman/turing_work/3mod/whether_sweater/app/POROs/forecast.rb": {
        "lines": [
          1,
          1,
          null,
          1,
          9,
          null,
          null,
          1,
          null,
          null,
          null,
          1,
          4,
          null,
          4,
          null,
          null,
          null,
          null,
          null,
          null,
          null,
          null,
          null,
          null,
          1,
          4,
          null,
          20,
          null,
          null,
          null,
          null,
          null,
          null,
          null,
          null,
          null,
          null,
          1,
          4,
          null,
          96,
          null,
          null,
          null,
          null,
          null,
          null,
          null
        ],
        "branches": {
        }
      },
      "/Users/andrewbowman/turing_work/3mod/whether_sweater/app/services/book_service.rb": {
        "lines": [
          1,
          1,
          3,
          3,
          null,
          3,
          null,
          null
        ],
        "branches": {
        }
      },
      "/Users/andrewbowman/turing_work/3mod/whether_sweater/app/POROs/booklist.rb": {
        "lines": [
          1,
          1,
          3,
          3,
          3,
          null,
          null,
          1,
          null,
          null,
          null,
          1,
          3,
          null,
          null,
          1,
          3,
          null,
          null,
          1,
          3,
          null,
          null,
          1,
          3,
          null,
          15,
          null,
          null,
          null,
          null,
          null,
          null
        ],
        "branches": {
        }
      },
      "/Users/andrewbowman/turing_work/3mod/whether_sweater/app/serializers/book_serializer.rb": {
        "lines": [
          1,
          1,
          null,
          1,
          1,
          null,
          1,
          null
        ],
        "branches": {
        }
      },
      "/Users/andrewbowman/turing_work/3mod/whether_sweater/app/controllers/api/v0/forecasts_controller.rb": {
        "lines": [
          1,
          1,
          4,
          4,
          null,
          null
        ],
        "branches": {
        }
      },
      "/Users/andrewbowman/turing_work/3mod/whether_sweater/app/serializers/forecast_serializer.rb": {
        "lines": [
          1,
          1,
          null,
          1,
          1,
          null,
          1,
          null
        ],
        "branches": {
        }
      },
      "/Users/andrewbowman/turing_work/3mod/whether_sweater/app/models/user.rb": {
        "lines": [
          1,
          1,
          1,
          1,
          1,
          null,
          1,
          null,
          1,
          null,
          1,
          13,
          null,
          null
        ],
        "branches": {
        }
      },
      "/Users/andrewbowman/turing_work/3mod/whether_sweater/app/models/application_record.rb": {
        "lines": [
          1,
          1,
          null
        ],
        "branches": {
        }
      },
      "/Users/andrewbowman/turing_work/3mod/whether_sweater/app/controllers/api/v0/roadtrips_controller.rb": {
        "lines": [
          1,
          1,
          null,
          4,
          4,
          null,
          null,
          3,
          3,
          null,
          null,
          1,
          null,
          1,
          7,
          null,
          null
        ],
        "branches": {
          "[:unless, 0, 5, 4, 5, 84]": {
            "[:else, 1, 5, 4, 5, 84]": 3,
            "[:then, 2, 5, 4, 5, 72]": 1
          }
        }
      },
      "/Users/andrewbowman/turing_work/3mod/whether_sweater/app/facades/road_trip_facade.rb": {
        "lines": [
          1,
          1,
          3,
          3,
          3,
          3,
          2,
          2,
          null,
          null,
          null,
          1,
          3,
          2,
          null,
          null,
          1,
          null,
          1,
          2,
          2,
          2,
          2,
          null,
          null,
          1,
          2,
          2,
          2,
          null,
          2,
          null,
          null,
          1,
          null,
          2,
          null,
          null,
          null,
          null,
          null,
          1,
          null,
          2,
          null,
          null,
          null,
          null,
          null,
          null,
          1,
          null,
          1,
          null,
          null,
          null,
          null,
          null,
          null
        ],
        "branches": {
          "[:if, 0, 6, 4, 9, 7]": {
            "[:then, 1, 7, 6, 8, 44]": 2,
            "[:else, 2, 6, 4, 9, 7]": 1
          },
          "[:unless, 3, 13, 4, 13, 63]": {
            "[:else, 4, 13, 4, 13, 63]": 2,
            "[:then, 5, 13, 4, 13, 42]": 1
          }
        }
      },
      "/Users/andrewbowman/turing_work/3mod/whether_sweater/app/POROs/road_trip.rb": {
        "lines": [
          1,
          1,
          null,
          1,
          3,
          3,
          3,
          3,
          3,
          null,
          null
        ],
        "branches": {
        }
      },
      "/Users/andrewbowman/turing_work/3mod/whether_sweater/app/serializers/road_trip_serializer.rb": {
        "lines": [
          1,
          1,
          1,
          1,
          1,
          null
        ],
        "branches": {
        }
      },
      "/Users/andrewbowman/turing_work/3mod/whether_sweater/app/controllers/api/v0/sessions_controller.rb": {
        "lines": [
          1,
          1,
          5,
          null,
          5,
          3,
          null,
          2,
          null,
          null,
          null,
          1,
          null,
          1,
          10,
          null,
          null
        ],
        "branches": {
          "[:if, 0, 5, 4, 9, 7]": {
            "[:then, 1, 6, 6, 6, 56]": 3,
            "[:else, 2, 8, 6, 8, 74]": 2
          }
        }
      },
      "/Users/andrewbowman/turing_work/3mod/whether_sweater/app/serializers/user_serializer.rb": {
        "lines": [
          1,
          1,
          1,
          null
        ],
        "branches": {
        }
      },
      "/Users/andrewbowman/turing_work/3mod/whether_sweater/app/controllers/api/v0/users_controller.rb": {
        "lines": [
          1,
          1,
          8,
          8,
          5,
          null,
          3,
          null,
          null,
          null,
          1,
          null,
          1,
          8,
          null,
          null
        ],
        "branches": {
          "[:if, 0, 4, 4, 8, 7]": {
            "[:then, 1, 5, 6, 5, 61]": 5,
            "[:else, 2, 7, 6, 7, 98]": 3
          }
        }
      }
    },
    "timestamp": 1686754662
  }
}
